<?xml version="1.0" encoding="UTF-8"?>
<testsuite name="TestSuite" time="57.242" tests="2" errors="0" skipped="0" failures="1">
  <properties>
[...]
</properties>
  <testcase name="feature" classname="runner.runner_1" time="57.242"/>
  <testcase name="feature" classname="runner.runner_1" time="35.454">
    <failure message="java.lang.AssertionError: expected [Used Audi A6 Under 5000 for sale | carsguide] but found [Used Audi A6 Under 5000 for Sale | carsguide]" type="cucumber.runtime.CucumberException">cucumber.runtime.CucumberException: java.lang.AssertionError: expected [Used Audi A6 Under 5000 for sale | carsguide] but found [Used Audi A6 Under 5000 for Sale | carsguide]
	at cucumber.api.testng.TestNGCucumberRunner.runCucumber(TestNGCucumberRunner.java:69)
	at cucumber.api.testng.AbstractTestNGCucumberTests.feature(AbstractTestNGCucumberTests.java:21)
	at sun.reflect.NativeMethodAccessorImpl.invoke0(Native Method)
	at sun.reflect.NativeMethodAccessorImpl.invoke(NativeMethodAccessorImpl.java:62)
	at sun.reflect.DelegatingMethodAccessorImpl.invoke(DelegatingMethodAccessorImpl.java:43)
	at java.lang.reflect.Method.invoke(Method.java:497)
	at org.testng.internal.MethodInvocationHelper.invokeMethod(MethodInvocationHelper.java:86)
	at org.testng.internal.Invoker.invokeMethod(Invoker.java:643)
	at org.testng.internal.Invoker.invokeTestMethod(Invoker.java:820)
	at org.testng.internal.Invoker.invokeTestMethods(Invoker.java:1128)
	at org.testng.internal.TestMethodWorker.invokeTestMethods(TestMethodWorker.java:129)
	at org.testng.internal.TestMethodWorker.run(TestMethodWorker.java:112)
	at org.testng.TestRunner.privateRun(TestRunner.java:782)
	at org.testng.TestRunner.run(TestRunner.java:632)
	at org.testng.SuiteRunner.runTest(SuiteRunner.java:366)
	at org.testng.SuiteRunner.runSequentially(SuiteRunner.java:361)
	at org.testng.SuiteRunner.privateRun(SuiteRunner.java:319)
	at org.testng.SuiteRunner.run(SuiteRunner.java:268)
	at org.testng.SuiteRunnerWorker.runSuite(SuiteRunnerWorker.java:52)
	at org.testng.SuiteRunnerWorker.run(SuiteRunnerWorker.java:86)
	at org.testng.TestNG.runSuitesSequentially(TestNG.java:1244)
	at org.testng.TestNG.runSuitesLocally(TestNG.java:1169)
	at org.testng.TestNG.run(TestNG.java:1064)
	at org.apache.maven.surefire.testng.TestNGExecutor.run(TestNGExecutor.java:295)
	at org.apache.maven.surefire.testng.TestNGXmlTestSuite.execute(TestNGXmlTestSuite.java:84)
	at org.apache.maven.surefire.testng.TestNGProvider.invoke(TestNGProvider.java:90)
	at org.apache.maven.surefire.booter.ForkedBooter.invokeProviderInSameClassLoader(ForkedBooter.java:203)
	at org.apache.maven.surefire.booter.ForkedBooter.runSuitesInProcess(ForkedBooter.java:155)
	at org.apache.maven.surefire.booter.ForkedBooter.main(ForkedBooter.java:103)
Caused by: java.lang.AssertionError: expected [Used Audi A6 Under 5000 for sale | carsguide] but found [Used Audi A6 Under 5000 for Sale | carsguide]
	at org.testng.Assert.fail(Assert.java:94)
	at org.testng.Assert.failNotEquals(Assert.java:513)
	at org.testng.Assert.assertEqualsImpl(Assert.java:135)
	at org.testng.Assert.assertEquals(Assert.java:116)
	at org.testng.Assert.assertEquals(Assert.java:190)
	at org.testng.Assert.assertEquals(Assert.java:200)
	at steps.SearchCar_Steps.page_title_should_be(SearchCar_Steps.java:80)
	at ✽.And Page title should be "Used Audi A6 Under 5000 for sale | carsguide"(UsedCarsSearch.feature:26)
</failure>
    <system-out><![CDATA[@Used-Car-Search
Feature: To validate the UsedCarSearch is displayed in CarsForSale
  and to ensure UsedCarSearch is working fine
true

  @Used-car-search-positive
  Scenario: Validate UsedCarSearch page                                               # UsedCarsSearch.feature:6
    Given I am on the homePage "https://www.carsguide.com.au" of CarsGuide Website    # SearchCar_Steps.i_am_on_the_homePage_of_CarsGuide_Website(String)
    When I move to the menu                                                           # SearchCar_Steps.i_move_to_the_menu(String>)
    And click on "UsedCarSearch" link on Used Car Search Page                         # UsedCar_Steps.click_on_link_on_Used_Car_Search_Page(String)
    And select CarBrand as "AUDI" from AnyMake dropDown on Used Car Search Page       # UsedCar_Steps.select_CarBrand_as_from_AnyMake_dropDown_on_Used_Car_Search_Page(String)
    And select car model on Used Car Search Page                                      # UsedCar_Steps.select_car_model_on_Used_Car_Search_Page(String>)
    And select Model as "A6" from Model dropDown on Used Car Search Page              # UsedCar_Steps.select_Model_as_from_Model_dropDown_on_Used_Car_Search_Page(String)
    And select Location as "Australia" from Location dropDown on Used Car Search Page # UsedCar_Steps.select_Location_as_from_Location_dropDown_on_Used_Car_Search_Page(String)
    And select Price as "$5,000" from price dropDown on Used Car Search Page          # UsedCar_Steps.select_Price_as_from_price_dropDown_on_Used_Car_Search_Page(String)
    And click on Find_My_Next_Car button on Used Car Search Page                      # UsedCar_Steps.click_on_Find_My_Next_Car_button_on_Used_Car_Search_Page()
    Then I should see list of SearchedCars on Used Car Search Page                    # UsedCar_Steps.i_should_see_list_of_SearchedCars_on_Used_Car_Search_Page()
    And Page title should be "Used Audi A6 Under 5000 for sale | carsguide"           # SearchCar_Steps.page_title_should_be(String)
      java.lang.AssertionError: expected [Used Audi A6 Under 5000 for sale | carsguide] but found [Used Audi A6 Under 5000 for Sale | carsguide]
      	at org.testng.Assert.fail(Assert.java:94)
      	at org.testng.Assert.failNotEquals(Assert.java:513)
      	at org.testng.Assert.assertEqualsImpl(Assert.java:135)
      	at org.testng.Assert.assertEquals(Assert.java:116)
      	at org.testng.Assert.assertEquals(Assert.java:190)
      	at org.testng.Assert.assertEquals(Assert.java:200)
      	at steps.SearchCar_Steps.page_title_should_be(SearchCar_Steps.java:80)
      	at ?.And Page title should be "Used Audi A6 Under 5000 for sale | carsguide"(UsedCarsSearch.feature:26)

]]></system-out>
    <system-err><![CDATA[Starting ChromeDriver 2.39.562718 (9a2698cba08cf5a471a29d30c8b3e12becabb0e9) on port 17756
Only local connections are allowed.
Aug 25, 2018 12:58:32 PM org.openqa.selenium.remote.ProtocolHandshake createSession
INFO: Detected dialect: OSS
]]></system-err>
  </testcase>
</testsuite>