<?xml version="1.0" encoding="UTF-8"?>
<testsuite name="TestSuite" time="57.242" tests="2" errors="0" skipped="0" failures="1">
  <properties>
    <property name="java.vendor" value="Oracle Corporation"/>
    <property name="JOB_NAME" value="Cucumber_POM_PF"/>
    <property name="sun.java.launcher" value="SUN_STANDARD"/>
    <property name="windows_tracing_logfile" value="C:\BVTBin\Tests\installpackage\csilogfile.log"/>
    <property name="NUMBER_OF_PROCESSORS" value="4"/>
    <property name="sun.management.compiler" value="HotSpot 64-Bit Tiered Compilers"/>
    <property name="JENKINS_HOME" value="F:\JenkinsHome"/>
    <property name="HUDSON_SERVER_COOKIE" value="3878ca21b389ad3d"/>
    <property name="POM_ARTIFACTID" value="Cucumber_POM_PF"/>
    <property name="os.name" value="Windows 7"/>
    <property name="sun.boot.class.path" value="C:\Program Files\Java\jdk1.8.0_73\jre\lib\resources.jar;C:\Program Files\Java\jdk1.8.0_73\jre\lib\rt.jar;C:\Program Files\Java\jdk1.8.0_73\jre\lib\sunrsasign.jar;C:\Program Files\Java\jdk1.8.0_73\jre\lib\jsse.jar;C:\Program Files\Java\jdk1.8.0_73\jre\lib\jce.jar;C:\Program Files\Java\jdk1.8.0_73\jre\lib\charsets.jar;C:\Program Files\Java\jdk1.8.0_73\jre\lib\jfr.jar;C:\Program Files\Java\jdk1.8.0_73\jre\classes"/>
    <property name="EXECUTOR_NUMBER" value="0"/>
    <property name="sun.desktop" value="windows"/>
    <property name="PATHEXT" value=".COM;.EXE;.BAT;.CMD;.VBS;.VBE;.JS;.JSE;.WSF;.WSH;.MSC"/>
    <property name="java.vm.specification.vendor" value="Oracle Corporation"/>
    <property name="POM_DISPLAYNAME" value="Cucumber_POM_PF"/>
    <property name="NODE_LABELS" value="master"/>
    <property name="TEMP" value="C:\Users\Karthik\AppData\Local\Temp"/>
    <property name="java.runtime.version" value="1.8.0_73-b02"/>
    <property name="ANT_HOME" value="E:\previous E backup\Java &amp; Selenium\Eclipse softwares\apache-ant-1.10.1"/>
    <property name="user.name" value="Karthik"/>
    <property name="guice.disable.misplaced.annotation.check" value="true"/>
    <property name="CommonProgramW6432" value="C:\Program Files\Common Files"/>
    <property name="ProgramFiles" value="C:\Program Files"/>
    <property name="PROMPT" value="$P$G"/>
    <property name="user.language" value="en"/>
    <property name="JOB_BASE_NAME" value="Cucumber_POM_PF"/>
    <property name="RUN_CHANGES_DISPLAY_URL" value="http://localhost:8080/job/Cucumber_POM_PF/3/display/redirect?page=changes"/>
    <property name="BUILD_DISPLAY_NAME" value="#3"/>
    <property name="OneDrive" value="C:\Users\Karthik\OneDrive"/>
    <property name="sun.boot.library.path" value="C:\Program Files\Java\jdk1.8.0_73\jre\bin"/>
    <property name="LOCALAPPDATA" value="C:\Users\Karthik\AppData\Local"/>
    <property name="java.version" value="1.8.0_73"/>
    <property name="PROCESSOR_LEVEL" value="6"/>
    <property name="user.timezone" value="Asia/Calcutta"/>
    <property name="USERNAME" value="Karthik"/>
    <property name="sun.arch.data.model" value="64"/>
    <property name="NODE_NAME" value="master"/>
    <property name="java.endorsed.dirs" value="C:\Program Files\Java\jdk1.8.0_73\jre\lib\endorsed"/>
    <property name="BUILD_ID" value="3"/>
    <property name="sun.cpu.isalist" value="amd64"/>
    <property name="sun.jnu.encoding" value="Cp1252"/>
    <property name="file.encoding.pkg" value="sun.io"/>
    <property name="file.separator" value="\"/>
    <property name="java.specification.name" value="Java Platform API Specification"/>
    <property name="HOMEDRIVE" value="C:"/>
    <property name="maven.conf" value="E:\previous E backup\Java &amp; Selenium\17.Configuration management (maven Svn)\apache-maven-3.5.2\conf"/>
    <property name="java.class.version" value="52.0"/>
    <property name="MVN_HOME" value="E:\previous E backup\Java &amp; Selenium\17.Configuration management (maven Svn)\apache-maven-3.5.2"/>
    <property name="org.slf4j.simpleLogger.defaultLogLevel" value="info"/>
    <property name="user.country" value="US"/>
    <property name="CHROME_CRASHPAD_SERVER_URL" value="https://client2.google.com/cr/reports"/>
    <property name="ALLUSERSPROFILE" value="C:\ProgramData"/>
    <property name="java.home" value="C:\Program Files\Java\jdk1.8.0_73\jre"/>
    <property name="java.vm.info" value="mixed mode"/>
    <property name="os.version" value="6.1"/>
    <property name="=F:" value="F:\jenkins"/>
    <property name="RUN_DISPLAY_URL" value="http://localhost:8080/job/Cucumber_POM_PF/3/display/redirect"/>
    <property name="POM_VERSION" value="0.0.1-SNAPSHOT"/>
    <property name="TMP" value="C:\Users\Karthik\AppData\Local\Temp"/>
    <property name="path.separator" value=";"/>
    <property name="java.vm.version" value="25.73-b02"/>
    <property name="user.variant" value=""/>
    <property name="JOB_DISPLAY_URL" value="http://localhost:8080/job/Cucumber_POM_PF/display/redirect"/>
    <property name="CommonProgramFiles(x86)" value="C:\Program Files (x86)\Common Files"/>
    <property name="java.awt.printerjob" value="sun.awt.windows.WPrinterJob"/>
    <property name="FP_NO_HOST_CHECK" value="NO"/>
    <property name="JAVA_HOME" value="C:\Program Files\Java\jdk1.8.0_73"/>
    <property name="sun.io.unicode.encoding" value="UnicodeLittle"/>
    <property name="CommonProgramFiles" value="C:\Program Files\Common Files"/>
    <property name="ComSpec" value="C:\Windows\system32\cmd.exe"/>
    <property name="awt.toolkit" value="sun.awt.windows.WToolkit"/>
    <property name="HOMEPATH" value="\Users\Karthik"/>
    <property name="POM_PACKAGING" value="jar"/>
    <property name="asl.log" value="Destination=file"/>
    <property name="user.script" value=""/>
    <property name="COMPUTERNAME" value="KARTHIK-PC"/>
    <property name="GOOGLE_API_KEY" value="no"/>
    <property name="GOOGLE_DEFAULT_CLIENT_SECRET" value="no"/>
    <property name="POM_GROUPID" value="POM_CC_PF"/>
    <property name="VBOX_MSI_INSTALL_PATH" value="D:\VirtualBox Installation\"/>
    <property name="user.home" value="C:\Users\Karthik"/>
    <property name="PUBLIC" value="C:\Users\Public"/>
    <property name="BUILD_TAG" value="jenkins-Cucumber_POM_PF-3"/>
    <property name="JENKINS_SERVER_COOKIE" value="3878ca21b389ad3d"/>
    <property name="HUDSON_URL" value="http://localhost:8080/"/>
    <property name="ProgramData" value="C:\ProgramData"/>
    <property name="java.specification.vendor" value="Oracle Corporation"/>
    <property name="USERPROFILE" value="C:\Users\Karthik"/>
    <property name="CLASSPATH" value=""/>
    <property name="java.vendor.url" value="http://java.oracle.com/"/>
    <property name="java.library.path" value="C:\Program Files\Java\jdk1.8.0_73\bin;C:\Windows\Sun\Java\bin;C:\Windows\system32;C:\Windows;E:\previous E backup\Java &amp; Selenium\17.Configuration management (maven Svn)\apache-maven-3.5.2/bin;C:\Program Files\Java\jdk1.8.0_73/bin;C:\Program Files\Java\jdk1.8.0_73/bin;C:\ProgramData\Oracle\Java\javapath;C:\Windows\system32;C:\Windows;C:\Windows\System32\Wbem;C:\Windows\System32\WindowsPowerShell\v1.0;E:\previous E backup\Java &amp; Selenium\Eclipse softwares\apache-ant-1.10.1\bin;C:\Program Files\Java\jdk1.8.0_73\bin;C:\Program Files (x86)\Skype\Phone\;E:\previous E backup\Java &amp; Selenium\17.Configuration management (maven Svn)\apache-maven-3.5.2\bin;C:\Program Files\Git\cmd;C:\Users\Karthik\AppData\Local\Android\Sdk\tools;C:\Users\Karthik\AppData\Local\Android\Sdk\platform-tools;C:\Program Files\nodejs\;C:\Users\Karthik\AppData\Roaming\npm;."/>
    <property name="java.vm.vendor" value="Oracle Corporation"/>
    <property name="APPDATA" value="C:\Users\Karthik\AppData\Roaming"/>
    <property name="java.runtime.name" value="Java(TM) SE Runtime Environment"/>
    <property name="maven.home" value="E:\previous E backup\Java &amp; Selenium\17.Configuration management (maven Svn)\apache-maven-3.5.2"/>
    <property name="java.class.path" value="F:\JenkinsHome\plugins\maven-plugin\WEB-INF\lib\maven35-agent-1.12-alpha-1.jar;E:\previous E backup\Java &amp; Selenium\17.Configuration management (maven Svn)\apache-maven-3.5.2\boot\plexus-classworlds-2.5.2.jar;E:\previous E backup\Java &amp; Selenium\17.Configuration management (maven Svn)\apache-maven-3.5.2/conf/logging"/>
    <property name="sun.java.command" value="jenkins.maven3.agent.Maven35Main E:\previous E backup\Java &amp; Selenium\17.Configuration management (maven Svn)\apache-maven-3.5.2 F:\JenkinsHome\war\WEB-INF\lib\remoting-3.25.jar F:\JenkinsHome\plugins\maven-plugin\WEB-INF\lib\maven35-interceptor-1.12-alpha-1.jar F:\JenkinsHome\plugins\maven-plugin\WEB-INF\lib\maven3-interceptor-commons-1.12-alpha-1.jar 11608"/>
    <property name="Path" value="C:\Program Files\Java\jdk1.8.0_73/bin;C:\ProgramData\Oracle\Java\javapath;C:\Windows\system32;C:\Windows;C:\Windows\System32\Wbem;C:\Windows\System32\WindowsPowerShell\v1.0;E:\previous E backup\Java &amp; Selenium\Eclipse softwares\apache-ant-1.10.1\bin;C:\Program Files\Java\jdk1.8.0_73\bin;C:\Program Files (x86)\Skype\Phone\;E:\previous E backup\Java &amp; Selenium\17.Configuration management (maven Svn)\apache-maven-3.5.2\bin;C:\Program Files\Git\cmd;C:\Users\Karthik\AppData\Local\Android\Sdk\tools;C:\Users\Karthik\AppData\Local\Android\Sdk\platform-tools;C:\Program Files\nodejs\;C:\Users\Karthik\AppData\Roaming\npm"/>
    <property name="java.vm.specification.name" value="Java Virtual Machine Specification"/>
    <property name="PROCESSOR_ARCHITECTURE" value="AMD64"/>
    <property name="PATH+JDK" value="C:\Program Files\Java\jdk1.8.0_73/bin"/>
    <property name="PROCESSOR_IDENTIFIER" value="Intel64 Family 6 Model 61 Stepping 4, GenuineIntel"/>
    <property name="SESSIONNAME" value="Console"/>
    <property name="java.vm.specification.version" value="1.8"/>
    <property name="sun.os.patch.level" value="Service Pack 1"/>
    <property name="sun.cpu.endian" value="little"/>
    <property name="M2_HOME" value="E:\previous E backup\Java &amp; Selenium\17.Configuration management (maven Svn)\apache-maven-3.5.2"/>
    <property name="java.io.tmpdir" value="C:\Users\Karthik\AppData\Local\Temp\"/>
    <property name="OS" value="Windows_NT"/>
    <property name="HUDSON_HOME" value="F:\JenkinsHome"/>
    <property name="PATH+MAVEN" value="E:\previous E backup\Java &amp; Selenium\17.Configuration management (maven Svn)\apache-maven-3.5.2/bin"/>
    <property name="ProgramFiles(x86)" value="C:\Program Files (x86)"/>
    <property name="BUILD_URL" value="http://localhost:8080/job/Cucumber_POM_PF/3/"/>
    <property name="java.vendor.url.bug" value="http://bugreport.sun.com/bugreport/"/>
    <property name="java.awt.graphicsenv" value="sun.awt.Win32GraphicsEnvironment"/>
    <property name="os.arch" value="amd64"/>
    <property name="SystemRoot" value="C:\Windows"/>
    <property name="windows_tracing_flags" value="3"/>
    <property name="java.ext.dirs" value="C:\Program Files\Java\jdk1.8.0_73\jre\lib\ext;C:\Windows\Sun\Java\lib\ext"/>
    <property name="user.dir" value="E:\previous E backup\Automation_Projects\My_FrameWorks\Cucumber_POM_PF"/>
    <property name="JOB_URL" value="http://localhost:8080/job/Cucumber_POM_PF/"/>
    <property name="BREAKPAD_DUMP_LOCATION" value="C:\Users\Public\Documents\Google\Chrome"/>
    <property name="GOOGLE_DEFAULT_CLIENT_ID" value="no"/>
    <property name="LOGONSERVER" value="\\KARTHIK-PC"/>
    <property name="USERDOMAIN" value="Karthik-PC"/>
    <property name="line.separator" value="&#10;"/>
    <property name="MAVEN_HOME" value="E:\previous E backup\Java &amp; Selenium\17.Configuration management (maven Svn)\apache-maven-3.5.2"/>
    <property name="java.vm.name" value="Java HotSpot(TM) 64-Bit Server VM"/>
    <property name="BUILD_NUMBER" value="3"/>
    <property name="ANDROID_HOME" value="C:\Users\Karthik\AppData\Local\Android\Sdk"/>
    <property name="JENKINS_URL" value="http://localhost:8080/"/>
    <property name="PROCESSOR_REVISION" value="3d04"/>
    <property name="ProgramW6432" value="C:\Program Files"/>
    <property name="windir" value="C:\Windows"/>
    <property name="file.encoding" value="Cp1252"/>
    <property name="SystemDrive" value="C:"/>
    <property name="maven3.interceptor" value="F:\JenkinsHome\plugins\maven-plugin\WEB-INF\lib\maven35-interceptor-1.12-alpha-1.jar"/>
    <property name="WORKSPACE" value="F:\JenkinsHome\workspace\Cucumber_POM_PF"/>
    <property name="maven3.interceptor.common" value="F:\JenkinsHome\plugins\maven-plugin\WEB-INF\lib\maven3-interceptor-commons-1.12-alpha-1.jar"/>
    <property name="java.specification.version" value="1.8"/>
    <property name="PSModulePath" value="C:\Windows\system32\WindowsPowerShell\v1.0\Modules\"/>
  </properties>
  <testcase name="feature" classname="runner.runner_1" time="57.242"/>
  <testcase name="feature" classname="runner.runner_1" time="35.454">
    <failure message="java.lang.AssertionError: expected [Used Audi A6 Under 5000 for sale | carsguide] but found [Used Audi A6 Under 5000 for Sale | carsguide]" type="cucumber.runtime.CucumberException">cucumber.runtime.CucumberException: java.lang.AssertionError: expected [Used Audi A6 Under 5000 for sale | carsguide] but found [Used Audi A6 Under 5000 for Sale | carsguide]
	at cucumber.api.testng.TestNGCucumberRunner.runCucumber(TestNGCucumberRunner.java:69)
	at cucumber.api.testng.AbstractTestNGCucumberTests.feature(AbstractTestNGCucumberTests.java:21)
	at sun.reflect.NativeMethodAccessorImpl.invoke0(Native Method)
	at sun.reflect.NativeMethodAccessorImpl.invoke(NativeMethodAccessorImpl.java:62)
	at sun.reflect.DelegatingMethodAccessorImpl.invoke(DelegatingMethodAccessorImpl.java:43)
	at java.lang.reflect.Method.invoke(Method.java:497)
	at org.testng.internal.MethodInvocationHelper.invokeMethod(MethodInvocationHelper.java:86)
	at org.testng.internal.Invoker.invokeMethod(Invoker.java:643)
	at org.testng.internal.Invoker.invokeTestMethod(Invoker.java:820)
	at org.testng.internal.Invoker.invokeTestMethods(Invoker.java:1128)
	at org.testng.internal.TestMethodWorker.invokeTestMethods(TestMethodWorker.java:129)
	at org.testng.internal.TestMethodWorker.run(TestMethodWorker.java:112)
	at org.testng.TestRunner.privateRun(TestRunner.java:782)
	at org.testng.TestRunner.run(TestRunner.java:632)
	at org.testng.SuiteRunner.runTest(SuiteRunner.java:366)
	at org.testng.SuiteRunner.runSequentially(SuiteRunner.java:361)
	at org.testng.SuiteRunner.privateRun(SuiteRunner.java:319)
	at org.testng.SuiteRunner.run(SuiteRunner.java:268)
	at org.testng.SuiteRunnerWorker.runSuite(SuiteRunnerWorker.java:52)
	at org.testng.SuiteRunnerWorker.run(SuiteRunnerWorker.java:86)
	at org.testng.TestNG.runSuitesSequentially(TestNG.java:1244)
	at org.testng.TestNG.runSuitesLocally(TestNG.java:1169)
	at org.testng.TestNG.run(TestNG.java:1064)
	at org.apache.maven.surefire.testng.TestNGExecutor.run(TestNGExecutor.java:295)
	at org.apache.maven.surefire.testng.TestNGXmlTestSuite.execute(TestNGXmlTestSuite.java:84)
	at org.apache.maven.surefire.testng.TestNGProvider.invoke(TestNGProvider.java:90)
	at org.apache.maven.surefire.booter.ForkedBooter.invokeProviderInSameClassLoader(ForkedBooter.java:203)
	at org.apache.maven.surefire.booter.ForkedBooter.runSuitesInProcess(ForkedBooter.java:155)
	at org.apache.maven.surefire.booter.ForkedBooter.main(ForkedBooter.java:103)
Caused by: java.lang.AssertionError: expected [Used Audi A6 Under 5000 for sale | carsguide] but found [Used Audi A6 Under 5000 for Sale | carsguide]
	at org.testng.Assert.fail(Assert.java:94)
	at org.testng.Assert.failNotEquals(Assert.java:513)
	at org.testng.Assert.assertEqualsImpl(Assert.java:135)
	at org.testng.Assert.assertEquals(Assert.java:116)
	at org.testng.Assert.assertEquals(Assert.java:190)
	at org.testng.Assert.assertEquals(Assert.java:200)
	at steps.SearchCar_Steps.page_title_should_be(SearchCar_Steps.java:80)
	at âœ½.And Page title should be "Used Audi A6 Under 5000 for sale | carsguide"(UsedCarsSearch.feature:26)
</failure>
    <system-out><![CDATA[@Used-Car-Search
Feature: To validate the UsedCarSearch is displayed in CarsForSale
  and to ensure UsedCarSearch is working fine
true

  @Used-car-search-positive
  Scenario: Validate UsedCarSearch page                                               # UsedCarsSearch.feature:6
    Given I am on the homePage "https://www.carsguide.com.au" of CarsGuide Website    # SearchCar_Steps.i_am_on_the_homePage_of_CarsGuide_Website(String)
    When I move to the menu                                                           # SearchCar_Steps.i_move_to_the_menu(String>)
    And click on "UsedCarSearch" link on Used Car Search Page                         # UsedCar_Steps.click_on_link_on_Used_Car_Search_Page(String)
    And select CarBrand as "AUDI" from AnyMake dropDown on Used Car Search Page       # UsedCar_Steps.select_CarBrand_as_from_AnyMake_dropDown_on_Used_Car_Search_Page(String)
    And select car model on Used Car Search Page                                      # UsedCar_Steps.select_car_model_on_Used_Car_Search_Page(String>)
    And select Model as "A6" from Model dropDown on Used Car Search Page              # UsedCar_Steps.select_Model_as_from_Model_dropDown_on_Used_Car_Search_Page(String)
    And select Location as "Australia" from Location dropDown on Used Car Search Page # UsedCar_Steps.select_Location_as_from_Location_dropDown_on_Used_Car_Search_Page(String)
    And select Price as "$5,000" from price dropDown on Used Car Search Page          # UsedCar_Steps.select_Price_as_from_price_dropDown_on_Used_Car_Search_Page(String)
    And click on Find_My_Next_Car button on Used Car Search Page                      # UsedCar_Steps.click_on_Find_My_Next_Car_button_on_Used_Car_Search_Page()
    Then I should see list of SearchedCars on Used Car Search Page                    # UsedCar_Steps.i_should_see_list_of_SearchedCars_on_Used_Car_Search_Page()
    And Page title should be "Used Audi A6 Under 5000 for sale | carsguide"           # SearchCar_Steps.page_title_should_be(String)
      java.lang.AssertionError: expected [Used Audi A6 Under 5000 for sale | carsguide] but found [Used Audi A6 Under 5000 for Sale | carsguide]
      	at org.testng.Assert.fail(Assert.java:94)
      	at org.testng.Assert.failNotEquals(Assert.java:513)
      	at org.testng.Assert.assertEqualsImpl(Assert.java:135)
      	at org.testng.Assert.assertEquals(Assert.java:116)
      	at org.testng.Assert.assertEquals(Assert.java:190)
      	at org.testng.Assert.assertEquals(Assert.java:200)
      	at steps.SearchCar_Steps.page_title_should_be(SearchCar_Steps.java:80)
      	at ?.And Page title should be "Used Audi A6 Under 5000 for sale | carsguide"(UsedCarsSearch.feature:26)

]]></system-out>
    <system-err><![CDATA[Starting ChromeDriver 2.39.562718 (9a2698cba08cf5a471a29d30c8b3e12becabb0e9) on port 17756
Only local connections are allowed.
Aug 25, 2018 12:58:32 PM org.openqa.selenium.remote.ProtocolHandshake createSession
INFO: Detected dialect: OSS
]]></system-err>
  </testcase>
</testsuite>